<?xml version="1.0" encoding="UTF-8"?>
<!-- Generated by org.testng.reporters.JUnitXMLReporter -->
<testsuite hostname="Chukur" ignored="0" name="Command line test" tests="6" failures="0" timestamp="07 Feb 2023 18:21:04 GMT" time="76.031" errors="0">
  <testcase name="validateTitleAndURL" time="0.022" classname="test.CarvanaBaseTest"/>
  <testcase name="validateCarvanaLogo" time="2.253" classname="test.CarvanaBaseTest"/>
  <testcase name="validateMainNavigationItems" time="0.177" classname="test.CarvanaBaseTest"/>
  <testcase name="validateSignInErrorMessage" time="2.172" classname="test.CarvanaBaseTest"/>
  <testcase name="validateSearchButtonAndSearchFilterOptions" time="0.839" classname="test.CarvanaSearchResultTest"/>
  <testcase name="validateSearchResultTiles" time="14.645" classname="test.CarvanaSearchResultTest"/>
</testsuite> <!-- Command line test -->
